HDF5-DIAG: Error detected in HDF5 (1.8.4-patch1) thread 140710363453184:
  #000: ../../../src/H5Adeprec.c line 214 in H5Aopen_name(): can't open attribute
    major: Attribute
    minor: Can't open object
  #001: ../../../src/H5A.c line 865 in H5A_open_by_name(): unable to load attribute info from object header
    major: Attribute
    minor: Unable to initialize object
  #002: ../../../src/H5Oattribute.c line 533 in H5O_attr_open_by_name(): can't locate attribute
    major: Attribute
    minor: Object not found
HDF5-DIAG: Error detected in HDF5 (1.8.4-patch1) thread 140710363453184:
  #000: ../../../src/H5Edeprec.c line 182 in H5Eget_minor(): not a error message ID
    major: Invalid arguments to routine
    minor: Inappropriate type
HDF5-DIAG: Error detected in HDF5 (1.8.4-patch1) thread 140710363453184:
  #000: ../../../src/H5Adeprec.c line 214 in H5Aopen_name(): can't open attribute
    major: Attribute
    minor: Can't open object
  #001: ../../../src/H5A.c line 865 in H5A_open_by_name(): unable to load attribute info from object header
    major: Attribute
    minor: Unable to initialize object
  #002: ../../../src/H5Oattribute.c line 533 in H5O_attr_open_by_name(): can't locate attribute
    major: Attribute
    minor: Object not found
HDF5-DIAG: Error detected in HDF5 (1.8.4-patch1) thread 140710363453184:
  #000: ../../../src/H5Edeprec.c line 182 in H5Eget_minor(): not a error message ID
    major: Invalid arguments to routine
    minor: Inappropriate type
HDF5-DIAG: Error detected in HDF5 (1.8.4-patch1) thread 140710363453184:
  #000: ../../../src/H5Adeprec.c line 214 in H5Aopen_name(): can't open attribute
    major: Attribute
    minor: Can't open object
  #001: ../../../src/H5A.c line 865 in H5A_open_by_name(): unable to load attribute info from object header
    major: Attribute
    minor: Unable to initialize object
  #002: ../../../src/H5Oattribute.c line 533 in H5O_attr_open_by_name(): can't locate attribute
    major: Attribute
    minor: Object not found
HDF5-DIAG: Error detected in HDF5 (1.8.4-patch1) thread 140710363453184:
  #000: ../../../src/H5Edeprec.c line 182 in H5Eget_minor(): not a error message ID
    major: Invalid arguments to routine
    minor: Inappropriate type
HDF5-DIAG: Error detected in HDF5 (1.8.4-patch1) thread 140710363453184:
  #000: ../../../src/H5Adeprec.c line 214 in H5Aopen_name(): can't open attribute
    major: Attribute
    minor: Can't open object
  #001: ../../../src/H5A.c line 865 in H5A_open_by_name(): unable to load attribute info from object header
    major: Attribute
    minor: Unable to initialize object
  #002: ../../../src/H5Oattribute.c line 533 in H5O_attr_open_by_name(): can't locate attribute
    major: Attribute
    minor: Object not found
HDF5-DIAG: Error detected in HDF5 (1.8.4-patch1) thread 140710363453184:
  #000: ../../../src/H5Edeprec.c line 182 in H5Eget_minor(): not a error message ID
    major: Invalid arguments to routine
    minor: Inappropriate type
HDF5-DIAG: Error detected in HDF5 (1.8.4-patch1) thread 140710363453184:
  #000: ../../../src/H5Adeprec.c line 214 in H5Aopen_name(): can't open attribute
    major: Attribute
    minor: Can't open object
  #001: ../../../src/H5A.c line 865 in H5A_open_by_name(): unable to load attribute info from object header
    major: Attribute
    minor: Unable to initialize object
  #002: ../../../src/H5Oattribute.c line 533 in H5O_attr_open_by_name(): can't locate attribute
    major: Attribute
    minor: Object not found
HDF5-DIAG: Error detected in HDF5 (1.8.4-patch1) thread 140710363453184:
  #000: ../../../src/H5Edeprec.c line 182 in H5Eget_minor(): not a error message ID
    major: Invalid arguments to routine
    minor: Inappropriate type
HDF5-DIAG: Error detected in HDF5 (1.8.4-patch1) thread 140710363453184:
  #000: ../../../src/H5Edeprec.c line 182 in H5Eget_minor(): not a error message ID
    major: Invalid arguments to routine
    minor: Inappropriate type
HDF5-DIAG: Error detected in HDF5 (1.8.4-patch1) thread 140710363453184:
  #000: ../../../src/H5Edeprec.c line 182 in H5Eget_minor(): not a error message ID
    major: Invalid arguments to routine
    minor: Inappropriate type
HDF5-DIAG: Error detected in HDF5 (1.8.4-patch1) thread 140710363453184:
  #000: ../../../src/H5Pfcpl.c line 235 in H5Pget_version(): can't find object for ID
    major: Object atom
    minor: Unable to find atom information (already closed?)
  #001: ../../../src/H5Pint.c line 3082 in H5P_object_verify(): property list is not a member of the class
    major: Property lists
    minor: Unable to register new atom
  #002: ../../../src/H5Pint.c line 3032 in H5P_isa_class(): not a property list
    major: Invalid arguments to routine
    minor: Inappropriate type
HDF5-DIAG: Error detected in HDF5 (1.8.4-patch1) thread 140710363453184:
  #000: ../../../src/H5Edeprec.c line 182 in H5Eget_minor(): not a error message ID
    major: Invalid arguments to routine
    minor: Inappropriate type
HDF5-DIAG: Error detected in HDF5 (1.8.4-patch1) thread 139810659997440:
  #000: ../../../src/H5Edeprec.c line 182 in H5Eget_minor(): not a error message ID
    major: Invalid arguments to routine
    minor: Inappropriate type
HDF5-DIAG: Error detected in HDF5 (1.8.4-patch1) thread 139810659997440:
  #000: ../../../src/H5Edeprec.c line 182 in H5Eget_minor(): not a error message ID
    major: Invalid arguments to routine
    minor: Inappropriate type
HDF5-DIAG: Error detected in HDF5 (1.8.4-patch1) thread 139810659997440:
  #000: ../../../src/H5Edeprec.c line 182 in H5Eget_minor(): not a error message ID
    major: Invalid arguments to routine
    minor: Inappropriate type
HDF5-DIAG: Error detected in HDF5 (1.8.4-patch1) thread 139810659997440:
  #000: ../../../src/H5Edeprec.c line 182 in H5Eget_minor(): not a error message ID
    major: Invalid arguments to routine
    minor: Inappropriate type
HDF5-DIAG: Error detected in HDF5 (1.8.4-patch1) thread 139810659997440:
  #000: ../../../src/H5Adeprec.c line 214 in H5Aopen_name(): can't open attribute
    major: Attribute
    minor: Can't open object
  #001: ../../../src/H5A.c line 865 in H5A_open_by_name(): unable to load attribute info from object header
    major: Attribute
    minor: Unable to initialize object
  #002: ../../../src/H5Oattribute.c line 533 in H5O_attr_open_by_name(): can't locate attribute
    major: Attribute
    minor: Object not found
HDF5-DIAG: Error detected in HDF5 (1.8.4-patch1) thread 139810659997440:
  #000: ../../../src/H5Edeprec.c line 182 in H5Eget_minor(): not a error message ID
    major: Invalid arguments to routine
    minor: Inappropriate type
HDF5-DIAG: Error detected in HDF5 (1.8.4-patch1) thread 139810659997440:
  #000: ../../../src/H5Adeprec.c line 214 in H5Aopen_name(): can't open attribute
    major: Attribute
    minor: Can't open object
  #001: ../../../src/H5A.c line 865 in H5A_open_by_name(): unable to load attribute info from object header
    major: Attribute
    minor: Unable to initialize object
  #002: ../../../src/H5Oattribute.c line 533 in H5O_attr_open_by_name(): can't locate attribute
    major: Attribute
    minor: Object not found
HDF5-DIAG: Error detected in HDF5 (1.8.4-patch1) thread 139810659997440:
  #000: ../../../src/H5Edeprec.c line 182 in H5Eget_minor(): not a error message ID
    major: Invalid arguments to routine
    minor: Inappropriate type
HDF5-DIAG: Error detected in HDF5 (1.8.4-patch1) thread 139810659997440:
  #000: ../../../src/H5Adeprec.c line 214 in H5Aopen_name(): can't open attribute
    major: Attribute
    minor: Can't open object
  #001: ../../../src/H5A.c line 865 in H5A_open_by_name(): unable to load attribute info from object header
    major: Attribute
    minor: Unable to initialize object
  #002: ../../../src/H5Oattribute.c line 533 in H5O_attr_open_by_name(): can't locate attribute
    major: Attribute
    minor: Object not found
HDF5-DIAG: Error detected in HDF5 (1.8.4-patch1) thread 139810659997440:
  #000: ../../../src/H5Edeprec.c line 182 in H5Eget_minor(): not a error message ID
    major: Invalid arguments to routine
    minor: Inappropriate type
HDF5-DIAG: Error detected in HDF5 (1.8.4-patch1) thread 139810659997440:
  #000: ../../../src/H5Adeprec.c line 214 in H5Aopen_name(): can't open attribute
    major: Attribute
    minor: Can't open object
  #001: ../../../src/H5A.c line 865 in H5A_open_by_name(): unable to load attribute info from object header
    major: Attribute
    minor: Unable to initialize object
  #002: ../../../src/H5Oattribute.c line 533 in H5O_attr_open_by_name(): can't locate attribute
    major: Attribute
    minor: Object not found
HDF5-DIAG: Error detected in HDF5 (1.8.4-patch1) thread 139810659997440:
  #000: ../../../src/H5Edeprec.c line 182 in H5Eget_minor(): not a error message ID
    major: Invalid arguments to routine
    minor: Inappropriate type
HDF5-DIAG: Error detected in HDF5 (1.8.4-patch1) thread 139810659997440:
  #000: ../../../src/H5Adeprec.c line 214 in H5Aopen_name(): can't open attribute
    major: Attribute
    minor: Can't open object
  #001: ../../../src/H5A.c line 865 in H5A_open_by_name(): unable to load attribute info from object header
    major: Attribute
    minor: Unable to initialize object
  #002: ../../../src/H5Oattribute.c line 533 in H5O_attr_open_by_name(): can't locate attribute
    major: Attribute
    minor: Object not found
HDF5-DIAG: Error detected in HDF5 (1.8.4-patch1) thread 139810659997440:
  #000: ../../../src/H5Edeprec.c line 182 in H5Eget_minor(): not a error message ID
    major: Invalid arguments to routine
    minor: Inappropriate type
HDF5-DIAG: Error detected in HDF5 (1.8.4-patch1) thread 139810659997440:
  #000: ../../../src/H5Edeprec.c line 182 in H5Eget_minor(): not a error message ID
    major: Invalid arguments to routine
    minor: Inappropriate type
HDF5-DIAG: Error detected in HDF5 (1.8.4-patch1) thread 139810659997440:
  #000: ../../../src/H5Edeprec.c line 182 in H5Eget_minor(): not a error message ID
    major: Invalid arguments to routine
    minor: Inappropriate type
HDF5-DIAG: Error detected in HDF5 (1.8.4-patch1) thread 139810659997440:
  #000: ../../../src/H5Pfcpl.c line 235 in H5Pget_version(): can't find object for ID
    major: Object atom
    minor: Unable to find atom information (already closed?)
  #001: ../../../src/H5Pint.c line 3082 in H5P_object_verify(): property list is not a member of the class
    major: Property lists
    minor: Unable to register new atom
  #002: ../../../src/H5Pint.c line 3032 in H5P_isa_class(): not a property list
    major: Invalid arguments to routine
    minor: Inappropriate type
HDF5-DIAG: Error detected in HDF5 (1.8.4-patch1) thread 139810659997440:
  #000: ../../../src/H5Edeprec.c line 182 in H5Eget_minor(): not a error message ID
    major: Invalid arguments to routine
    minor: Inappropriate type
HDF5-DIAG: Error detected in HDF5 (1.8.4-patch1) thread 140710363453184:
  #000: ../../../src/H5Adeprec.c line 214 in H5Aopen_name(): can't open attribute
    major: Attribute
    minor: Can't open object
  #001: ../../../src/H5A.c line 865 in H5A_open_by_name(): unable to load attribute info from object header
    major: Attribute
    minor: Unable to initialize object
  #002: ../../../src/H5Oattribute.c line 533 in H5O_attr_open_by_name(): can't locate attribute
    major: Attribute
    minor: Object not found
HDF5-DIAG: Error detected in HDF5 (1.8.4-patch1) thread 140710363453184:
  #000: ../../../src/H5Edeprec.c line 182 in H5Eget_minor(): not a error message ID
    major: Invalid arguments to routine
    minor: Inappropriate type
HDF5-DIAG: Error detected in HDF5 (1.8.4-patch1) thread 140710363453184:
  #000: ../../../src/H5Adeprec.c line 214 in H5Aopen_name(): can't open attribute
    major: Attribute
    minor: Can't open object
  #001: ../../../src/H5A.c line 865 in H5A_open_by_name(): unable to load attribute info from object header
    major: Attribute
    minor: Unable to initialize object
  #002: ../../../src/H5Oattribute.c line 533 in H5O_attr_open_by_name(): can't locate attribute
    major: Attribute
    minor: Object not found
HDF5-DIAG: Error detected in HDF5 (1.8.4-patch1) thread 140710363453184:
  #000: ../../../src/H5Edeprec.c line 182 in H5Eget_minor(): not a error message ID
    major: Invalid arguments to routine
    minor: Inappropriate type
HDF5-DIAG: Error detected in HDF5 (1.8.4-patch1) thread 140710363453184:
  #000: ../../../src/H5Adeprec.c line 214 in H5Aopen_name(): can't open attribute
    major: Attribute
    minor: Can't open object
  #001: ../../../src/H5A.c line 865 in H5A_open_by_name(): unable to load attribute info from object header
    major: Attribute
    minor: Unable to initialize object
  #002: ../../../src/H5Oattribute.c line 533 in H5O_attr_open_by_name(): can't locate attribute
    major: Attribute
    minor: Object not found
HDF5-DIAG: Error detected in HDF5 (1.8.4-patch1) thread 140710363453184:
  #000: ../../../src/H5Edeprec.c line 182 in H5Eget_minor(): not a error message ID
    major: Invalid arguments to routine
    minor: Inappropriate type
HDF5-DIAG: Error detected in HDF5 (1.8.4-patch1) thread 140710363453184:
  #000: ../../../src/H5Adeprec.c line 214 in H5Aopen_name(): can't open attribute
    major: Attribute
    minor: Can't open object
  #001: ../../../src/H5A.c line 865 in H5A_open_by_name(): unable to load attribute info from object header
    major: Attribute
    minor: Unable to initialize object
  #002: ../../../src/H5Oattribute.c line 533 in H5O_attr_open_by_name(): can't locate attribute
    major: Attribute
    minor: Object not found
HDF5-DIAG: Error detected in HDF5 (1.8.4-patch1) thread 140710363453184:
  #000: ../../../src/H5Edeprec.c line 182 in H5Eget_minor(): not a error message ID
    major: Invalid arguments to routine
    minor: Inappropriate type
HDF5-DIAG: Error detected in HDF5 (1.8.4-patch1) thread 140710363453184:
  #000: ../../../src/H5Adeprec.c line 214 in H5Aopen_name(): can't open attribute
    major: Attribute
    minor: Can't open object
  #001: ../../../src/H5A.c line 865 in H5A_open_by_name(): unable to load attribute info from object header
    major: Attribute
    minor: Unable to initialize object
  #002: ../../../src/H5Oattribute.c line 533 in H5O_attr_open_by_name(): can't locate attribute
    major: Attribute
    minor: Object not found
HDF5-DIAG: Error detected in HDF5 (1.8.4-patch1) thread 140710363453184:
  #000: ../../../src/H5Edeprec.c line 182 in H5Eget_minor(): not a error message ID
    major: Invalid arguments to routine
    minor: Inappropriate type
HDF5-DIAG: Error detected in HDF5 (1.8.4-patch1) thread 140710363453184:
  #000: ../../../src/H5Edeprec.c line 182 in H5Eget_minor(): not a error message ID
    major: Invalid arguments to routine
    minor: Inappropriate type
HDF5-DIAG: Error detected in HDF5 (1.8.4-patch1) thread 140710363453184:
  #000: ../../../src/H5Edeprec.c line 182 in H5Eget_minor(): not a error message ID
    major: Invalid arguments to routine
    minor: Inappropriate type
